<?xml version="1.0" encoding="utf-8"?><testsuites name="pytest tests"><testsuite name="pytest" errors="0" failures="0" skipped="0" tests="10" time="0.028" timestamp="2025-09-17T12:41:11.263374+08:00" hostname="Robert-Laptop"><testcase classname="artifacts.runs.RUN-FR006-009-004.tests.python.test_dom_selector_alignment" name="test_story_ids_cover_about_team_admin" time="0.001" /><testcase classname="artifacts.runs.RUN-FR006-009-004.tests.python.test_dom_selector_alignment" name="test_about_mission_section_present" time="0.000" /><testcase classname="artifacts.runs.RUN-FR006-009-004.tests.python.test_dom_selector_alignment" name="test_team_list_has_members" time="0.000" /><testcase classname="artifacts.runs.RUN-FR006-009-004.tests.python.test_dom_selector_alignment" name="test_admin_audit_table_headers" time="0.000" /><testcase classname="artifacts.runs.RUN-FR006-009-004.tests.python.test_dom_selector_alignment" name="test_selector_files_align_with_dom" time="0.000" /><testcase classname="artifacts.runs.RUN-FR006-009-004.tests.python.test_dom_selector_alignment" name="test_story_ids_cover_about_team_admin" time="0.000" /><testcase classname="artifacts.runs.RUN-FR006-009-004.tests.python.test_dom_selector_alignment" name="test_about_mission_section_present" time="0.000" /><testcase classname="artifacts.runs.RUN-FR006-009-004.tests.python.test_dom_selector_alignment" name="test_team_list_has_members" time="0.000" /><testcase classname="artifacts.runs.RUN-FR006-009-004.tests.python.test_dom_selector_alignment" name="test_admin_audit_table_headers" time="0.000" /><testcase classname="artifacts.runs.RUN-FR006-009-004.tests.python.test_dom_selector_alignment" name="test_selector_files_align_with_dom" time="0.000" /></testsuite></testsuites>