<?xml version="1.0" encoding="utf-8"?><testsuites name="pytest tests"><testsuite name="pytest" errors="0" failures="0" skipped="0" tests="9" time="0.032" timestamp="2025-09-17T17:07:02.376626+08:00" hostname="Robert-Laptop"><testcase classname="artifacts.runs.RUN-FR014-PIPELINE.tests.python.test_generated_suite" name="test_selector_candidates_exist" time="0.001" /><testcase classname="artifacts.runs.RUN-FR014-PIPELINE.tests.python.test_generated_suite" name="test_vision_locator_generated" time="0.000" /><testcase classname="artifacts.runs.RUN-FR014-PIPELINE.tests.python.test_generated_suite" name="test_story_to_test_generation_manifest" time="0.000" /><testcase classname="artifacts.runs.RUN-FR014-PIPELINE.tests.python.test_generated_suite" name="test_selector_candidates_exist" time="0.000" /><testcase classname="artifacts.runs.RUN-FR014-PIPELINE.tests.python.test_generated_suite" name="test_vision_locator_generated" time="0.000" /><testcase classname="artifacts.runs.RUN-FR014-PIPELINE.tests.python.test_generated_suite" name="test_story_to_test_generation_manifest" time="0.000" /><testcase classname="artifacts.runs.RUN-FR014-PIPELINE.tests.python.test_generated_suite" name="test_selector_candidates_exist" time="0.000" /><testcase classname="artifacts.runs.RUN-FR014-PIPELINE.tests.python.test_generated_suite" name="test_vision_locator_generated" time="0.000" /><testcase classname="artifacts.runs.RUN-FR014-PIPELINE.tests.python.test_generated_suite" name="test_story_to_test_generation_manifest" time="0.000" /></testsuite></testsuites>